<?xml version="1.0" encoding="UTF-8"?>
<!-- Generated by org.testng.reporters.JUnitReportReporter -->
<testsuite hostname="DESKTOP-VK7PP29" failures="0" tests="2" name="com.amazon.qa.testcases.login" time="11.303" errors="0" timestamp="2023-03-17T10:27:52 IST" skipped="0">
  <testcase classname="com.amazon.qa.testcases.login" name="VerifyLoginWithVaildCredentials" time="7.302"/>
  <system-out/>
  <testcase classname="com.amazon.qa.testcases.login" name="verifyLoginWithInvalidCredentials" time="4.001"/>
  <system-out/>
</testsuite> <!-- com.amazon.qa.testcases.login -->
