<?xml version="1.0" encoding="UTF-8"?>
<!-- Generated by org.testng.reporters.JUnitReportReporter -->
<testsuite hostname="DESKTOP-VK7PP29" failures="0" tests="2" name="com.amazon.qa.testcases.login" time="11.111" errors="0" timestamp="2023-03-17T10:16:35 IST" skipped="0">
  <testcase classname="com.amazon.qa.testcases.login" name="verifyLoginWithInvalidCredentials" time="3.869"/>
  <system-out/>
  <testcase classname="com.amazon.qa.testcases.login" name="VerifyLoginWithVaildCredentials" time="7.242"/>
  <system-out/>
</testsuite> <!-- com.amazon.qa.testcases.login -->
