<?xml version="1.0" encoding="UTF-8"?>
<!-- Generated by org.testng.reporters.JUnitReportReporter -->
<testsuite hostname="DESKTOP-VK7PP29" failures="0" tests="1" name="TestNGTest" time="4.190" errors="0" timestamp="2023-03-17T10:12:18 IST" skipped="0">
  <testcase classname="TestNGTest" name="lanunchBrowser" time="4.190"/>
  <system-out/>
</testsuite> <!-- TestNGTest -->
